#
# A fatal error has been detected by the Java Runtime Environment:
#
#  Internal Error (classFileParser.cpp:3470), pid=6328, tid=4260
#  Error: ShouldNotReachHere()
#
# JRE version: 7.0-b147
# Java VM: Java HotSpot(TM) Client VM (21.0-b17 mixed mode windows-x86 )
# Failed to write core dump. Minidumps are not enabled by default on client versions of Windows
#
# If you would like to submit a bug report, please visit:
#   http://bugreport.sun.com/bugreport/crash.jsp
#

---------------  T H R E A D  ---------------

Current thread (0x02619400):  JavaThread "Unknown thread" [_thread_in_vm, id=4260, stack(0x02480000,0x024d0000)]

Stack: [0x02480000,0x024d0000],  sp=0x024cefcc,  free space=315k
Native frames: (J=compiled Java code, j=interpreted, Vv=VM code, C=native code)
V  [jvm.dll+0x1630e1]
V  [jvm.dll+0x15dcfb]
V  [jvm.dll+0x18e37]
V  [jvm.dll+0x1a6a8]
V  [jvm.dll+0x2a42f]
V  [jvm.dll+0x2b818]
V  [jvm.dll+0x2bedb]
V  [jvm.dll+0x2bf2a]
V  [jvm.dll+0x2c07d]
V  [jvm.dll+0x2c15a]
V  [jvm.dll+0x2c3d7]
V  [jvm.dll+0x73cb1]
V  [jvm.dll+0x7406b]
V  [jvm.dll+0x121a7c]
V  [jvm.dll+0x14382a]
V  [jvm.dll+0xa2940]
C  [javaw.exe+0x1359]
C  [javaw.exe+0x1dc9]
C  [javaw.exe+0xa0cb]
C  [javaw.exe+0xa155]
C  [kernel32.dll+0x1339a]  BaseThreadInitThunk+0x12
C  [ntdll.dll+0x39ef2]  RtlInitializeExceptionChain+0x63
C  [ntdll.dll+0x39ec5]  RtlInitializeExceptionChain+0x36


---------------  P R O C E S S  ---------------

Java Threads: ( => current thread )

Other Threads:

=>0x02619400 (exited) JavaThread "Unknown thread" [_thread_in_vm, id=4260, stack(0x02480000,0x024d0000)]

VM state:not at safepoint (not fully initialized)

VM Mutex/Monitor currently owned by a thread: None

Dynamic libraries:
0x00330000 - 0x0035f000 	C:\Program Files (x86)\Java\jre7\bin\javaw.exe
0x77700000 - 0x77880000 	C:\Windows\SysWOW64\ntdll.dll
0x74f10000 - 0x75020000 	C:\Windows\syswow64\kernel32.dll
0x75e70000 - 0x75eb6000 	C:\Windows\syswow64\KERNELBASE.dll
0x75f20000 - 0x75fc0000 	C:\Windows\syswow64\ADVAPI32.dll
0x76d00000 - 0x76dac000 	C:\Windows\syswow64\msvcrt.dll
0x74e40000 - 0x74e59000 	C:\Windows\SysWOW64\sechost.dll
0x76a70000 - 0x76b60000 	C:\Windows\syswow64\RPCRT4.dll
0x74de0000 - 0x74e40000 	C:\Windows\syswow64\SspiCli.dll
0x74dd0000 - 0x74ddc000 	C:\Windows\syswow64\CRYPTBASE.dll
0x762d0000 - 0x763d0000 	C:\Windows\syswow64\USER32.dll
0x75d80000 - 0x75e10000 	C:\Windows\syswow64\GDI32.dll
0x75e10000 - 0x75e1a000 	C:\Windows\syswow64\LPK.dll
0x76830000 - 0x768cd000 	C:\Windows\syswow64\USP10.dll
0x74c20000 - 0x74dbe000 	C:\Windows\WinSxS\x86_microsoft.windows.common-controls_6595b64144ccf1df_6.0.7601.17514_none_41e6975e2bd6f2b2\COMCTL32.dll
0x75ec0000 - 0x75f17000 	C:\Windows\syswow64\SHLWAPI.dll
0x74e60000 - 0x74ec0000 	C:\Windows\system32\IMM32.DLL
0x76620000 - 0x766ec000 	C:\Windows\syswow64\MSCTF.dll
0x60700000 - 0x607be000 	C:\Program Files (x86)\Java\jre7\bin\msvcr100.dll
0x58ee0000 - 0x59201000 	C:\Program Files (x86)\Java\jre7\bin\client\jvm.dll
0x6c720000 - 0x6c727000 	C:\Windows\system32\WSOCK32.dll
0x75e20000 - 0x75e55000 	C:\Windows\syswow64\WS2_32.dll
0x776d0000 - 0x776d6000 	C:\Windows\syswow64\NSI.dll
0x73170000 - 0x731a2000 	C:\Windows\system32\WINMM.dll
0x75ca0000 - 0x75ca5000 	C:\Windows\syswow64\PSAPI.DLL
0x65cd0000 - 0x65cdc000 	C:\Program Files (x86)\Java\jre7\bin\verify.dll
0x60d40000 - 0x60d60000 	C:\Program Files (x86)\Java\jre7\bin\java.dll
0x61e60000 - 0x61e73000 	C:\Program Files (x86)\Java\jre7\bin\zip.dll

VM Arguments:
jvm_args: -Dfile.encoding=GBK -Xbootclasspath:E:\softword\android-sdks\platforms\android-19\android.jar 
java_command: com.auction.client.layout.test
Launcher Type: SUN_STANDARD

Environment Variables:
JAVA_HOME=C:\Program Files (x86)\Java\jdk1.7.0
CLASSPATH=.;C:\Program Files (x86)\Java\jdk1.7.0\lib;C:\Program Files (x86)\Java\jdk1.7.0\lib\tools.jar
PATH=C:/Program Files (x86)/Java/jre7/bin/client;C:/Program Files (x86)/Java/jre7/bin;C:/Program Files (x86)/Java/jre7/lib/i386;C:\Windows\system32;C:\Windows;C:\Windows\System32\Wbem;C:\Windows\System32\WindowsPowerShell\v1.0\;C:\Program Files (x86)\ATI Technologies\ATI.ACE\Core-Static;C:\Program Files (x86)\Java\jdk1.7.0\bin;C:\Program Files (x86)\Java\jdk1.7.0\jre\bin;;E:\softword\eclipse;
USERNAME=Administrator
OS=Windows_NT
PROCESSOR_IDENTIFIER=AMD64 Family 21 Model 19 Stepping 1, AuthenticAMD



---------------  S Y S T E M  ---------------

OS: Windows 7 , 64 bit Build 7601 Service Pack 1

CPU:total 2 (2 cores per cpu, 1 threads per core) family 21 model 19 stepping 1, cmov, cx8, fxsr, mmx, sse, sse2, sse3, ssse3, sse4.1, sse4.2, popcnt, mmxext, 3dnowpref, lzcnt, sse4a

Memory: 4k page, physical 3643640k(1391940k free), swap 7285428k(4190460k free)

vm_info: Java HotSpot(TM) Client VM (21.0-b17) for windows-x86 JRE (1.7.0-b147), built on Jun 27 2011 02:25:52 by "java_re" with unknown MS VC++:1600

time: Thu Dec 11 13:14:02 2014
elapsed time: 0 seconds

